2025-01-01T07:00:11.386Z - info: Website generation started at 15:00:10
2025-01-01T07:00:11.702Z - warn: ENOENT: no such file or directory, open '/Users/damithch/Repos/nus-cs2103/cs2103-website-base/node_modules/.cache/gh-pages/https!github.com!nus-cs2113-AY2425S2!website.git/book/_markbind/variables.md'
2025-01-01T07:00:11.702Z - warn: ENOENT: no such file or directory, open '/Users/damithch/Repos/nus-cs2103/cs2103-website-base/node_modules/.cache/gh-pages/https!github.com!nus-cs2113-AY2425S2!website.git/_markbind/variables.md'
2025-01-01T07:00:11.722Z - info: Building assets...
2025-01-01T07:00:13.176Z - info: Assets built
2025-01-01T07:00:13.176Z - info: Generating pages...
2025-01-01T07:00:18.525Z - debug:  
2025-01-01T07:00:18.526Z - debug: 2025-01-01 15:00:15.293 java[2630:4725647] +[IMKClient subclass]: chose IMKClient_Modern
2025-01-01 15:00:15.293 java[2630:4725647] +[IMKInputSession subclass]: chose IMKInputSession_Modern

2025-01-01T07:00:18.805Z - debug:  
2025-01-01T07:00:18.806Z - debug:  
2025-01-01T07:00:18.806Z - debug:  
2025-01-01T07:00:18.806Z - debug:  
2025-01-01T07:00:18.806Z - debug:  
2025-01-01T07:00:18.806Z - debug:  
2025-01-01T07:00:18.806Z - debug: 2025-01-01 15:00:16.443 java[2661:4725953] +[IMKClient subclass]: chose IMKClient_Modern
2025-01-01 15:00:16.443 java[2661:4725953] +[IMKInputSession subclass]: chose IMKInputSession_Modern

2025-01-01T07:00:18.806Z - debug:  
2025-01-01T07:00:19.334Z - debug:  
2025-01-01T07:00:19.334Z - debug:  
2025-01-01T07:00:19.334Z - debug:  
2025-01-01T07:00:19.334Z - debug:  
2025-01-01T07:00:19.334Z - debug:  
2025-01-01T07:00:19.334Z - debug:  
2025-01-01T07:00:19.537Z - debug: 2025-01-01 15:00:19.157 java[2699:4726672] +[IMKClient subclass]: chose IMKClient_Modern
2025-01-01 15:00:19.157 java[2699:4726672] +[IMKInputSession subclass]: chose IMKInputSession_Modern

2025-01-01T07:00:27.607Z - debug: 2025-01-01 15:00:27.242 java[2715:4726881] +[IMKClient subclass]: chose IMKClient_Modern
2025-01-01 15:00:27.242 java[2715:4726881] +[IMKInputSession subclass]: chose IMKInputSession_Modern

2025-01-01T07:00:44.191Z - error: Invalid HTML in /Users/damithch/Repos/nus-cs2103/cs2103-website-base/schedule/week5/tutorial.md.
Table must have a tbody tag. Please correct this to avoid Vue hydration issues.

2025-01-01T07:00:54.643Z - error: Invalid HTML in /Users/damithch/Repos/nus-cs2103/cs2103-website-base/schedule/week4/project.md.
Table must have a tbody tag. Please correct this to avoid Vue hydration issues.

2025-01-01T07:00:54.643Z - error: Invalid HTML in /Users/damithch/Repos/nus-cs2103/cs2103-website-base/schedule/week4/project.md.
Table must have a tbody tag. Please correct this to avoid Vue hydration issues.

2025-01-01T07:01:07.606Z - debug: 2025-01-01 15:01:05.475 java[2753:4727895] +[IMKClient subclass]: chose IMKClient_Modern
2025-01-01 15:01:05.475 java[2753:4727895] +[IMKInputSession subclass]: chose IMKInputSession_Modern

2025-01-01T07:01:17.432Z - debug: 2025-01-01 15:01:16.777 java[2769:4728444] +[IMKClient subclass]: chose IMKClient_Modern
2025-01-01 15:01:16.777 java[2769:4728444] +[IMKInputSession subclass]: chose IMKInputSession_Modern

2025-01-01T07:01:17.588Z - debug:  
2025-01-01T07:01:20.776Z - error: Invalid HTML in /Users/damithch/Repos/nus-cs2103/cs2103-website-base/admin/ip-w4.md.
Table must have a tbody tag. Please correct this to avoid Vue hydration issues.

2025-01-01T07:01:20.777Z - error: Invalid HTML in /Users/damithch/Repos/nus-cs2103/cs2103-website-base/admin/ip-w4.md.
Table must have a tbody tag. Please correct this to avoid Vue hydration issues.

2025-01-01T07:01:22.650Z - info: Pages built
2025-01-01T07:01:22.718Z - info: Site data built
2025-01-01T07:01:22.718Z - info: Website generation complete! Total build time: 72.182s
2025-01-01T07:01:22.718Z - info: Build success!
2025-01-01T07:01:43.239Z - info: The website has been deployed at: https://nus-cs2103-ay2425s2.github.io/website
