2025-01-13T02:07:08.892Z - info: Website generation started at 10:07:08 am
2025-01-13T02:07:14.174Z - info: Building assets...
2025-01-13T02:07:18.373Z - info: Assets built
2025-01-13T02:07:18.374Z - info: Generating pages...
2025-01-13T02:07:31.548Z - debug:  
2025-01-13T02:07:31.549Z - debug:  
2025-01-13T02:07:31.550Z - debug:  
2025-01-13T02:07:31.550Z - debug:  
2025-01-13T02:07:31.551Z - debug:  
2025-01-13T02:07:31.551Z - debug:  
2025-01-13T02:07:31.552Z - debug:  
2025-01-13T02:07:31.552Z - debug:  
2025-01-13T02:07:31.553Z - debug:  
2025-01-13T02:07:31.553Z - debug:  
2025-01-13T02:07:31.554Z - debug:  
2025-01-13T02:07:31.783Z - debug:  
2025-01-13T02:07:31.784Z - debug:  
2025-01-13T02:07:31.784Z - debug:  
2025-01-13T02:07:31.784Z - debug:  
2025-01-13T02:07:32.974Z - debug:  
2025-01-13T02:07:36.449Z - debug:  
2025-01-13T02:07:59.819Z - debug:  
2025-01-13T02:09:36.097Z - debug:  
2025-01-13T02:09:50.715Z - debug:  
2025-01-13T02:09:50.715Z - debug:  
2025-01-13T02:09:58.583Z - info: Pages built
2025-01-13T02:10:00.177Z - info: Site data built
2025-01-13T02:10:00.177Z - info: Website generation complete! Total build time: 171.345s
2025-01-13T02:10:00.177Z - info: Build success!
2025-01-13T02:13:47.520Z - info: The website has been deployed at: https://nus-cs2113-ay2425s2.github.io/website
