2025-01-19T13:44:15.180Z - info: Website generation (lazy) started at 9:44:01 pm
2025-01-19T13:44:23.119Z - warn: ENOENT: no such file or directory, open 'D:\AkshayNarayan\Teaching\CS2113\_AY2425Sem2\website\cache\gh-pages\https!github.com!nus-cs2113-AY2425S2!website.git\book\_markbind\variables.md'
2025-01-19T13:44:23.122Z - warn: ENOENT: no such file or directory, open 'D:\AkshayNarayan\Teaching\CS2113\_AY2425Sem2\website\cache\gh-pages\https!github.com!nus-cs2113-AY2425S2!website.git\_markbind\variables.md'
2025-01-19T13:44:23.183Z - info: Building assets...
2025-01-19T13:45:11.393Z - info: Assets built
2025-01-19T13:45:11.394Z - info: Generating landing page...
2025-01-19T13:45:12.575Z - info: Landing page built, other pages will be built as you navigate to them!
2025-01-19T13:45:14.369Z - info: Site data built
2025-01-19T13:45:14.369Z - info: Website generation (lazy) complete! Total build time: 72.75s
2025-01-19T13:45:14.556Z - info: Serving "D:\AkshayNarayan\Teaching\CS2113\_AY2425Sem2\website\_site" at http://127.0.0.1:8080
2025-01-19T13:45:14.557Z - info: Press CTRL+C to stop ...
2025-01-19T13:45:23.136Z - info: Building D:\AkshayNarayan\Teaching\CS2113\_AY2425Sem2\website\schedule\week2\tutorial as some of its dependencies were changed since the last visit
2025-01-19T13:45:25.240Z - info: Site data built
2025-01-19T13:45:25.240Z - info: Lazy website regeneration complete! Total build time: 2.105s
2025-01-19T13:45:33.991Z - info: Building D:\AkshayNarayan\Teaching\CS2113\_AY2425Sem2\website\admin\tutorials as some of its dependencies were changed since the last visit
2025-01-19T13:45:34.607Z - info: Site data built
2025-01-19T13:45:34.607Z - info: Lazy website regeneration complete! Total build time: 0.617s
2025-01-19T13:48:07.914Z - info: Website generation started at 9:47:39 pm
2025-01-19T13:48:12.490Z - info: Building assets...
2025-01-19T13:48:16.347Z - info: Assets built
2025-01-19T13:48:16.349Z - info: Generating pages...
2025-01-19T13:48:29.938Z - debug:  
2025-01-19T13:48:29.939Z - debug:  
2025-01-19T13:48:29.939Z - debug:  
2025-01-19T13:48:29.939Z - debug:  
2025-01-19T13:48:29.940Z - debug:  
2025-01-19T13:48:29.940Z - debug:  
2025-01-19T13:48:29.940Z - debug:  
2025-01-19T13:48:29.947Z - debug:  
2025-01-19T13:48:29.947Z - debug:  
2025-01-19T13:48:29.948Z - debug:  
2025-01-19T13:48:29.948Z - debug:  
2025-01-19T13:48:29.948Z - debug:  
2025-01-19T13:48:29.951Z - debug:  
2025-01-19T13:48:29.959Z - debug:  
2025-01-19T13:48:29.961Z - debug:  
2025-01-19T13:48:31.472Z - debug:  
2025-01-19T13:48:36.552Z - debug:  
2025-01-19T13:48:59.745Z - debug:  
2025-01-19T13:50:27.200Z - debug:  
2025-01-19T13:50:41.456Z - debug:  
2025-01-19T13:50:41.503Z - debug:  
2025-01-19T13:50:49.909Z - info: Pages built
2025-01-19T13:50:51.435Z - info: Site data built
2025-01-19T13:50:51.435Z - info: Website generation complete! Total build time: 192.098s
2025-01-19T13:50:51.436Z - info: Build success!
2025-01-19T13:54:10.868Z - info: The website has been deployed at: https://nus-cs2113-ay2425s2.github.io/website
2025-01-19T14:19:51.372Z - info: Website generation started at 10:19:38 pm
2025-01-19T14:19:55.665Z - info: Building assets...
