2024-12-17T15:04:32.387Z - info: Website generation (lazy) started at 23:04:31
2024-12-17T15:04:32.706Z - warn: ENOENT: no such file or directory, open '/Users/damithch/Repos/nus-cs2103/cs2103-website-base/node_modules/.cache/gh-pages/https!github.com!nus-tee3201!2024.git/book/_markbind/variables.md'
2024-12-17T15:04:32.707Z - warn: ENOENT: no such file or directory, open '/Users/damithch/Repos/nus-cs2103/cs2103-website-base/node_modules/.cache/gh-pages/https!github.com!nus-tee3201!2024.git/_markbind/variables.md'
2024-12-17T15:04:32.726Z - info: Building assets...
2024-12-17T15:04:34.479Z - info: Assets built
2024-12-17T15:04:34.479Z - info: Generating landing page...
2024-12-17T15:04:34.651Z - info: Landing page built, other pages will be built as you navigate to them!
2024-12-17T15:04:34.711Z - info: Site data built
2024-12-17T15:04:34.711Z - info: Website generation (lazy) complete! Total build time: 3.171s
2024-12-17T15:04:34.718Z - info: Serving "/Users/damithch/Repos/nus-cs2103/cs2103-website-base/_site" at http://127.0.0.1:8080
2024-12-17T15:04:34.718Z - info: Press CTRL+C to stop ...
2024-12-17T15:05:26.914Z - info: Website generation started at 23:05:26
2024-12-17T15:05:27.209Z - warn: ENOENT: no such file or directory, open '/Users/damithch/Repos/nus-cs2103/cs2103-website-base/node_modules/.cache/gh-pages/https!github.com!nus-tee3201!2024.git/book/_markbind/variables.md'
2024-12-17T15:05:27.209Z - warn: ENOENT: no such file or directory, open '/Users/damithch/Repos/nus-cs2103/cs2103-website-base/node_modules/.cache/gh-pages/https!github.com!nus-tee3201!2024.git/_markbind/variables.md'
2024-12-17T15:05:27.227Z - info: Building assets...
2024-12-17T15:05:28.697Z - info: Assets built
2024-12-17T15:05:28.697Z - info: Generating pages...
2024-12-17T15:05:33.035Z - debug:  
2024-12-17T15:05:33.035Z - debug: 2024-12-17 23:05:30.022 java[12413:1891099] +[IMKClient subclass]: chose IMKClient_Modern
2024-12-17 23:05:30.022 java[12413:1891099] +[IMKInputSession subclass]: chose IMKInputSession_Modern

2024-12-17T15:05:33.035Z - debug:  
2024-12-17T15:05:33.035Z - debug: 2024-12-17 23:05:30.834 java[12439:1891342] +[IMKClient subclass]: chose IMKClient_Modern
2024-12-17 23:05:30.834 java[12439:1891342] +[IMKInputSession subclass]: chose IMKInputSession_Modern

2024-12-17T15:05:33.491Z - debug:  
2024-12-17T15:05:33.491Z - debug:  
2024-12-17T15:05:33.491Z - debug:  
2024-12-17T15:05:33.491Z - debug:  
2024-12-17T15:05:33.491Z - debug:  
2024-12-17T15:05:33.491Z - debug:  
2024-12-17T15:05:33.491Z - debug:  
2024-12-17T15:05:33.491Z - debug:  
2024-12-17T15:05:33.491Z - debug:  
2024-12-17T15:05:33.491Z - debug:  
2024-12-17T15:05:33.491Z - debug:  
2024-12-17T15:05:33.491Z - debug:  
2024-12-17T15:05:34.789Z - debug: 2024-12-17 23:05:34.501 java[12559:1892331] +[IMKClient subclass]: chose IMKClient_Modern
2024-12-17 23:05:34.501 java[12559:1892331] +[IMKInputSession subclass]: chose IMKInputSession_Modern

2024-12-17T15:06:15.074Z - debug: 2024-12-17 23:06:13.097 java[13219:1894188] +[IMKClient subclass]: chose IMKClient_Modern
2024-12-17 23:06:13.097 java[13219:1894188] +[IMKInputSession subclass]: chose IMKInputSession_Modern

2024-12-17T15:06:21.795Z - debug: 2024-12-17 23:06:21.434 java[13508:1894843] +[IMKClient subclass]: chose IMKClient_Modern
2024-12-17 23:06:21.434 java[13508:1894843] +[IMKInputSession subclass]: chose IMKInputSession_Modern

2024-12-17T15:06:21.795Z - debug:  
2024-12-17T15:06:25.311Z - info: Pages built
2024-12-17T15:06:25.378Z - info: Site data built
2024-12-17T15:06:25.378Z - info: Website generation complete! Total build time: 59.007s
2024-12-17T15:06:25.378Z - info: Build success!
2024-12-17T15:19:26.303Z - info: Website generation (lazy) started at 23:19:25
2024-12-17T15:19:26.566Z - warn: ENOENT: no such file or directory, open '/Users/damithch/Repos/nus-cs2103/cs2103-website-base/node_modules/.cache/gh-pages/https!github.com!nus-tee3201!2024.git/book/_markbind/variables.md'
2024-12-17T15:19:26.566Z - warn: ENOENT: no such file or directory, open '/Users/damithch/Repos/nus-cs2103/cs2103-website-base/node_modules/.cache/gh-pages/https!github.com!nus-tee3201!2024.git/_markbind/variables.md'
2024-12-17T15:19:26.585Z - info: Building assets...
2024-12-17T15:19:27.862Z - info: Assets built
2024-12-17T15:19:27.863Z - info: Generating landing page...
2024-12-17T15:19:28.041Z - info: Landing page built, other pages will be built as you navigate to them!
2024-12-17T15:19:28.108Z - info: Site data built
2024-12-17T15:19:28.108Z - info: Website generation (lazy) complete! Total build time: 2.702s
2024-12-17T15:19:28.117Z - info: Serving "/Users/damithch/Repos/nus-cs2103/cs2103-website-base/_site" at http://127.0.0.1:8080
2024-12-17T15:19:28.117Z - info: Press CTRL+C to stop ...
2024-12-17T15:19:34.868Z - info: Building /Users/damithch/Repos/nus-cs2103/cs2103-website-base/admin/weeklySchedule as some of its dependencies were changed since the last visit
2024-12-17T15:19:34.952Z - info: Site data built
2024-12-17T15:19:34.952Z - info: Lazy website regeneration complete! Total build time: 0.084s
2024-12-17T15:19:46.409Z - info: Building /Users/damithch/Repos/nus-cs2103/cs2103-website-base/schedule/week1/index as some of its dependencies were changed since the last visit
2024-12-17T15:19:46.587Z - info: Site data built
2024-12-17T15:19:46.587Z - info: Lazy website regeneration complete! Total build time: 0.178s
2024-12-17T15:22:19.248Z - info: [23:22:19] Reload for file change: /Users/damithch/Repos/nus-cs2103/cs2103-website-base/schedule/week1/notices-cs2113-fragment.md
2024-12-17T15:22:19.249Z - info: Synchronizing opened pages list before reload
2024-12-17T15:22:19.249Z - info: Current opened pages, from most-to-least recent:
2024-12-17T15:22:19.250Z - info: 1. schedule/week1/index
2024-12-17T15:22:20.265Z - info: Rebuilding 1 pages
2024-12-17T15:22:20.386Z - info: Site data built
2024-12-17T15:22:20.386Z - info: Pages rebuilt
2024-12-17T15:22:20.386Z - info: Website regeneration complete! Total build time: 0.124s
2024-12-17T15:24:29.631Z - info: [23:24:29] Reload for file change: /Users/damithch/Repos/nus-cs2103/cs2103-website-base/admin/exams.md
2024-12-17T15:24:29.632Z - info: Synchronizing opened pages list before reload
2024-12-17T15:24:29.632Z - info: Current opened pages, from most-to-least recent:
2024-12-17T15:24:29.632Z - info: 1. schedule/week1/index
2024-12-17T15:24:30.642Z - info: No pages needed to be rebuilt
2024-12-17T15:24:52.550Z - info: [23:24:52] Reload for file change: /Users/damithch/Repos/nus-cs2103/cs2103-website-base/admin/exams.md
2024-12-17T15:24:52.550Z - info: Synchronizing opened pages list before reload
2024-12-17T15:24:52.550Z - info: Current opened pages, from most-to-least recent:
2024-12-17T15:24:52.550Z - info: 1. schedule/week1/index
2024-12-17T15:24:53.563Z - info: No pages needed to be rebuilt
2024-12-17T15:26:06.438Z - info: [23:26:06] Reload for file change: /Users/damithch/Repos/nus-cs2103/cs2103-website-base/admin/exams.md
2024-12-17T15:26:06.438Z - info: Synchronizing opened pages list before reload
2024-12-17T15:26:06.438Z - info: Current opened pages, from most-to-least recent:
2024-12-17T15:26:06.438Z - info: 1. schedule/week1/index
2024-12-17T15:26:07.449Z - info: No pages needed to be rebuilt
2024-12-17T15:26:42.368Z - info: [23:26:42] Reload for file change: /Users/damithch/Repos/nus-cs2103/cs2103-website-base/admin/exams.md
2024-12-17T15:26:42.368Z - info: Synchronizing opened pages list before reload
2024-12-17T15:26:42.368Z - info: Current opened pages, from most-to-least recent:
2024-12-17T15:26:42.368Z - info: 1. schedule/week1/index
2024-12-17T15:26:43.378Z - info: No pages needed to be rebuilt
2024-12-17T15:27:01.241Z - info: [23:27:01] Reload for file change: /Users/damithch/Repos/nus-cs2103/cs2103-website-base/admin/exams.md
2024-12-17T15:27:01.241Z - info: Synchronizing opened pages list before reload
2024-12-17T15:27:01.241Z - info: Current opened pages, from most-to-least recent:
2024-12-17T15:27:01.241Z - info: 1. schedule/week1/index
2024-12-17T15:27:02.253Z - info: No pages needed to be rebuilt
2024-12-17T15:29:20.381Z - info: [23:29:20] Reload for file change: /Users/damithch/Repos/nus-cs2103/cs2103-website-base/admin/gradeBreakdown.md
2024-12-17T15:29:20.382Z - info: Synchronizing opened pages list before reload
2024-12-17T15:29:20.383Z - info: Current opened pages, from most-to-least recent:
2024-12-17T15:29:20.383Z - info: 1. schedule/week1/index
2024-12-17T15:29:21.397Z - info: No pages needed to be rebuilt
2024-12-17T15:29:36.261Z - info: Building /Users/damithch/Repos/nus-cs2103/cs2103-website-base/admin/index as some of its dependencies were changed since the last visit
2024-12-17T15:29:36.399Z - info: Site data built
2024-12-17T15:29:36.399Z - info: Lazy website regeneration complete! Total build time: 0.138s
2024-12-17T15:29:42.369Z - info: Building /Users/damithch/Repos/nus-cs2103/cs2103-website-base/admin/gradeBreakdown as some of its dependencies were changed since the last visit
2024-12-17T15:29:43.469Z - debug:  
2024-12-17T15:29:43.598Z - info: Site data built
2024-12-17T15:29:43.598Z - info: Lazy website regeneration complete! Total build time: 1.229s
2024-12-17T15:31:14.170Z - info: [23:31:14] Reload for file change: /Users/damithch/Repos/nus-cs2103/cs2103-website-base/admin/programmingLanguages.md
2024-12-17T15:31:14.171Z - info: Synchronizing opened pages list before reload
2024-12-17T15:31:14.171Z - info: Current opened pages, from most-to-least recent:
2024-12-17T15:31:14.171Z - info: 1. admin/gradeBreakdown
2024-12-17T15:31:15.182Z - info: No pages needed to be rebuilt
2024-12-17T15:32:35.717Z - info: [23:32:35] Reload for file change: /Users/damithch/Repos/nus-cs2103/cs2103-website-base/admin/programmingLanguages.md
2024-12-17T15:32:35.717Z - info: Synchronizing opened pages list before reload
2024-12-17T15:32:35.719Z - info: Current opened pages, from most-to-least recent:
2024-12-17T15:32:35.719Z - info: 1. admin/gradeBreakdown
2024-12-17T15:32:36.745Z - info: No pages needed to be rebuilt
2024-12-17T15:32:37.494Z - info: Building /Users/damithch/Repos/nus-cs2103/cs2103-website-base/admin/programmingLanguages as some of its dependencies were changed since the last visit
2024-12-17T15:32:37.648Z - info: Site data built
2024-12-17T15:32:37.648Z - info: Lazy website regeneration complete! Total build time: 0.154s
2024-12-17T15:34:33.582Z - info: [23:34:33] Reload for file change: /Users/damithch/Repos/nus-cs2103/cs2103-website-base/admin/textbooks.md
2024-12-17T15:34:33.583Z - info: Synchronizing opened pages list before reload
2024-12-17T15:34:33.583Z - info: Current opened pages, from most-to-least recent:
2024-12-17T15:34:33.583Z - info: 1. admin/programmingLanguages
2024-12-17T15:34:34.592Z - info: No pages needed to be rebuilt
2024-12-17T15:34:35.521Z - info: Building /Users/damithch/Repos/nus-cs2103/cs2103-website-base/admin/textbooks as some of its dependencies were changed since the last visit
2024-12-17T15:34:35.613Z - info: Site data built
2024-12-17T15:34:35.613Z - info: Lazy website regeneration complete! Total build time: 0.093s
2024-12-17T15:38:40.744Z - info: [23:38:40] Reload for file change: /Users/damithch/Repos/nus-cs2103/cs2103-website-base/admin/tp-tasks-fragment.md
2024-12-17T15:38:40.744Z - info: Synchronizing opened pages list before reload
2024-12-17T15:38:40.745Z - info: Current opened pages, from most-to-least recent:
2024-12-17T15:38:40.745Z - info: 1. admin/textbooks
2024-12-17T15:38:41.758Z - info: Assets built
2024-12-17T15:41:20.211Z - info: [23:41:20] Reload for file change: /Users/damithch/Repos/nus-cs2103/cs2103-website-base/admin/tutorials.md
2024-12-17T15:41:20.211Z - info: Synchronizing opened pages list before reload
2024-12-17T15:41:20.211Z - info: Current opened pages, from most-to-least recent:
2024-12-17T15:41:20.212Z - info: 1. admin/textbooks
2024-12-17T15:41:21.216Z - info: No pages needed to be rebuilt
2024-12-17T15:41:21.871Z - info: Building /Users/damithch/Repos/nus-cs2103/cs2103-website-base/admin/tutorials as some of its dependencies were changed since the last visit
2024-12-17T15:41:22.114Z - info: Site data built
2024-12-17T15:41:22.114Z - info: Lazy website regeneration complete! Total build time: 0.243s
