2025-01-03T16:21:33.864Z - info: Website generation (lazy) started at 00:21:32
2025-01-03T16:21:34.182Z - warn: ENOENT: no such file or directory, open '/Users/damithch/Repos/nus-cs2103/cs2103-website-base/node_modules/.cache/gh-pages/https!github.com!nus-cs2113-AY2425S2!website.git/book/_markbind/variables.md'
2025-01-03T16:21:34.183Z - warn: ENOENT: no such file or directory, open '/Users/damithch/Repos/nus-cs2103/cs2103-website-base/node_modules/.cache/gh-pages/https!github.com!nus-cs2113-AY2425S2!website.git/_markbind/variables.md'
2025-01-03T16:21:34.202Z - info: Building assets...
2025-01-03T16:21:35.690Z - info: Assets built
2025-01-03T16:21:35.690Z - info: Generating landing page...
2025-01-03T16:21:35.888Z - info: Landing page built, other pages will be built as you navigate to them!
2025-01-03T16:21:35.959Z - info: Site data built
2025-01-03T16:21:35.959Z - info: Website generation (lazy) complete! Total build time: 3.016s
2025-01-03T16:21:35.971Z - info: Serving "/Users/damithch/Repos/nus-cs2103/cs2103-website-base/_site" at http://127.0.0.1:8080
2025-01-03T16:21:35.971Z - info: Press CTRL+C to stop ...
2025-01-03T16:22:32.387Z - info: Website generation started at 00:22:31
2025-01-03T16:22:32.621Z - warn: ENOENT: no such file or directory, open '/Users/damithch/Repos/nus-cs2103/cs2103-website-base/node_modules/.cache/gh-pages/https!github.com!nus-cs2113-AY2425S2!website.git/book/_markbind/variables.md'
2025-01-03T16:22:32.621Z - warn: ENOENT: no such file or directory, open '/Users/damithch/Repos/nus-cs2103/cs2103-website-base/node_modules/.cache/gh-pages/https!github.com!nus-cs2113-AY2425S2!website.git/_markbind/variables.md'
2025-01-03T16:22:32.640Z - info: Building assets...
2025-01-03T16:22:34.179Z - info: Assets built
2025-01-03T16:22:34.181Z - info: Generating pages...
2025-01-03T16:22:39.371Z - debug:  
2025-01-03T16:22:39.371Z - debug: 2025-01-04 00:22:36.201 java[38500:6526689] +[IMKClient subclass]: chose IMKClient_Modern
2025-01-04 00:22:36.202 java[38500:6526689] +[IMKInputSession subclass]: chose IMKInputSession_Modern

2025-01-03T16:22:39.371Z - debug:  
2025-01-03T16:22:39.372Z - debug:  
2025-01-03T16:22:39.372Z - debug:  
2025-01-03T16:22:39.372Z - debug: 2025-01-04 00:22:37.198 java[38527:6526912] +[IMKClient subclass]: chose IMKClient_Modern
2025-01-04 00:22:37.198 java[38527:6526912] +[IMKInputSession subclass]: chose IMKInputSession_Modern

2025-01-03T16:22:39.903Z - debug:  
2025-01-03T16:22:39.903Z - debug:  
2025-01-03T16:22:39.903Z - debug:  
2025-01-03T16:22:39.903Z - debug:  
2025-01-03T16:22:39.903Z - debug:  
2025-01-03T16:22:39.903Z - debug:  
2025-01-03T16:22:39.903Z - debug:  
2025-01-03T16:22:39.903Z - debug:  
2025-01-03T16:22:39.903Z - debug:  
2025-01-03T16:22:39.903Z - debug:  
2025-01-03T16:22:39.903Z - debug: 2025-01-04 00:22:39.443 java[38544:6527549] +[IMKClient subclass]: chose IMKClient_Modern
2025-01-04 00:22:39.443 java[38544:6527549] +[IMKInputSession subclass]: chose IMKInputSession_Modern

2025-01-03T16:22:48.586Z - debug: 2025-01-04 00:22:48.208 java[38596:6528329] +[IMKClient subclass]: chose IMKClient_Modern
2025-01-04 00:22:48.208 java[38596:6528329] +[IMKInputSession subclass]: chose IMKInputSession_Modern

2025-01-03T16:23:07.497Z - error: Invalid HTML in /Users/damithch/Repos/nus-cs2103/cs2103-website-base/schedule/week5/tutorial.md.
Table must have a tbody tag. Please correct this to avoid Vue hydration issues.

2025-01-03T16:23:18.878Z - error: Invalid HTML in /Users/damithch/Repos/nus-cs2103/cs2103-website-base/schedule/week4/project.md.
Table must have a tbody tag. Please correct this to avoid Vue hydration issues.

2025-01-03T16:23:18.878Z - error: Invalid HTML in /Users/damithch/Repos/nus-cs2103/cs2103-website-base/schedule/week4/project.md.
Table must have a tbody tag. Please correct this to avoid Vue hydration issues.

2025-01-03T16:23:32.440Z - debug: 2025-01-04 00:23:30.096 java[38690:6530561] +[IMKClient subclass]: chose IMKClient_Modern
2025-01-04 00:23:30.096 java[38690:6530561] +[IMKInputSession subclass]: chose IMKInputSession_Modern

2025-01-03T16:23:42.992Z - debug: 2025-01-04 00:23:42.304 java[38711:6531033] +[IMKClient subclass]: chose IMKClient_Modern
2025-01-04 00:23:42.304 java[38711:6531033] +[IMKInputSession subclass]: chose IMKInputSession_Modern

2025-01-03T16:23:43.403Z - debug:  
2025-01-03T16:23:46.764Z - error: Invalid HTML in /Users/damithch/Repos/nus-cs2103/cs2103-website-base/admin/ip-w4.md.
Table must have a tbody tag. Please correct this to avoid Vue hydration issues.

2025-01-03T16:23:46.764Z - error: Invalid HTML in /Users/damithch/Repos/nus-cs2103/cs2103-website-base/admin/ip-w4.md.
Table must have a tbody tag. Please correct this to avoid Vue hydration issues.

2025-01-03T16:23:48.688Z - info: Pages built
2025-01-03T16:23:48.758Z - info: Site data built
2025-01-03T16:23:48.758Z - info: Website generation complete! Total build time: 77.021s
2025-01-03T16:23:48.758Z - info: Build success!
2025-01-03T16:24:10.183Z - info: The website has been deployed at: https://nus-cs2103-ay2425s2.github.io/website
2025-01-03T16:28:34.681Z - info: Website generation (lazy) started at 00:28:33
2025-01-03T16:28:34.961Z - warn: ENOENT: no such file or directory, open '/Users/damithch/Repos/nus-cs2103/cs2103-website-base/node_modules/.cache/gh-pages/https!github.com!nus-cs2103-AY2425S2!website.git/book/_markbind/variables.md'
2025-01-03T16:28:34.961Z - warn: ENOENT: no such file or directory, open '/Users/damithch/Repos/nus-cs2103/cs2103-website-base/node_modules/.cache/gh-pages/https!github.com!nus-cs2103-AY2425S2!website.git/_markbind/variables.md'
2025-01-03T16:28:34.979Z - info: Building assets...
2025-01-03T16:28:36.367Z - info: Assets built
2025-01-03T16:28:36.367Z - info: Generating landing page...
2025-01-03T16:28:36.551Z - info: Landing page built, other pages will be built as you navigate to them!
2025-01-03T16:28:36.617Z - info: Site data built
2025-01-03T16:28:36.617Z - info: Website generation (lazy) complete! Total build time: 2.845s
2025-01-03T16:28:36.628Z - info: Serving "/Users/damithch/Repos/nus-cs2103/cs2103-website-base/_site" at http://127.0.0.1:8080
2025-01-03T16:28:36.628Z - info: Press CTRL+C to stop ...
2025-01-03T16:29:21.799Z - info: Website generation started at 00:29:21
2025-01-03T16:29:22.033Z - warn: ENOENT: no such file or directory, open '/Users/damithch/Repos/nus-cs2103/cs2103-website-base/node_modules/.cache/gh-pages/https!github.com!nus-cs2103-AY2425S2!website.git/book/_markbind/variables.md'
2025-01-03T16:29:22.033Z - warn: ENOENT: no such file or directory, open '/Users/damithch/Repos/nus-cs2103/cs2103-website-base/node_modules/.cache/gh-pages/https!github.com!nus-cs2103-AY2425S2!website.git/_markbind/variables.md'
2025-01-03T16:29:22.053Z - info: Building assets...
