2024-12-30T14:38:14.285Z - info: Website generation (lazy) started at 22:38:13
2024-12-30T14:38:14.599Z - warn: ENOENT: no such file or directory, open '/Users/damithch/Repos/nus-cs2103/cs2103-website-base/node_modules/.cache/gh-pages/https!github.com!nus-cs2113-AY2425S2!website.git/book/_markbind/variables.md'
2024-12-30T14:38:14.599Z - warn: ENOENT: no such file or directory, open '/Users/damithch/Repos/nus-cs2103/cs2103-website-base/node_modules/.cache/gh-pages/https!github.com!nus-cs2113-AY2425S2!website.git/_markbind/variables.md'
2024-12-30T14:38:14.619Z - info: Building assets...
2024-12-30T14:38:16.364Z - info: Assets built
2024-12-30T14:38:16.364Z - info: Generating landing page...
2024-12-30T14:38:16.579Z - info: Landing page built, other pages will be built as you navigate to them!
2024-12-30T14:38:16.644Z - info: Site data built
2024-12-30T14:38:16.644Z - info: Website generation (lazy) complete! Total build time: 3.45s
2024-12-30T14:38:16.653Z - info: Serving "/Users/damithch/Repos/nus-cs2103/cs2103-website-base/_site" at http://127.0.0.1:8080
2024-12-30T14:38:16.653Z - info: Press CTRL+C to stop ...
2024-12-30T15:16:20.158Z - info: Building /Users/damithch/Repos/nus-cs2103/cs2103-website-base/admin/ip-overview as some of its dependencies were changed since the last visit
2024-12-30T15:16:20.290Z - info: Site data built
2024-12-30T15:16:20.290Z - info: Lazy website regeneration complete! Total build time: 0.133s
2024-12-30T15:16:24.333Z - info: Building /Users/damithch/Repos/nus-cs2103/cs2103-website-base/se-book-adapted/projectDuke/index as some of its dependencies were changed since the last visit
2024-12-30T15:16:24.585Z - info: Site data built
2024-12-30T15:16:24.585Z - info: Lazy website regeneration complete! Total build time: 0.252s
2024-12-30T15:16:57.107Z - info: Building /Users/damithch/Repos/nus-cs2103/cs2103-website-base/admin/ip-w5 as some of its dependencies were changed since the last visit
2024-12-30T15:16:57.579Z - info: Site data built
2024-12-30T15:16:57.579Z - info: Lazy website regeneration complete! Total build time: 0.472s
2024-12-30T15:17:06.315Z - info: Building /Users/damithch/Repos/nus-cs2103/cs2103-website-base/admin/ip-w3 as some of its dependencies were changed since the last visit
2024-12-30T15:17:06.945Z - info: Site data built
2024-12-30T15:17:06.945Z - info: Lazy website regeneration complete! Total build time: 0.63s
2024-12-30T15:37:53.946Z - info: Building /Users/damithch/Repos/nus-cs2103/cs2103-website-base/admin/tp-constraints as some of its dependencies were changed since the last visit
2024-12-30T15:37:54.085Z - info: Site data built
2024-12-30T15:37:54.085Z - info: Lazy website regeneration complete! Total build time: 0.14s
2024-12-30T15:50:03.818Z - info: [23:50:03] Reload for file change: /Users/damithch/Repos/nus-cs2103/cs2103-website-base/admin/faq-fragment.md
2024-12-30T15:50:03.819Z - info: Synchronizing opened pages list before reload
2024-12-30T15:50:03.820Z - info: Current opened pages, from most-to-least recent:
2024-12-30T15:50:03.820Z - info: 1. admin/tp-constraints
2024-12-30T15:50:04.828Z - info: No pages needed to be rebuilt
